
AVRASM ver. 2.1.30  E:\LESSONS\LAP TRINH VXL\thu nghiem 03\List\lcd.asm Wed Dec 30 09:35:37 2020

E:\LESSONS\LAP TRINH VXL\thu nghiem 03\List\lcd.asm(1059): warning: Register r5 already defined by the .DEF directive
E:\LESSONS\LAP TRINH VXL\thu nghiem 03\List\lcd.asm(1060): warning: Register r4 already defined by the .DEF directive
E:\LESSONS\LAP TRINH VXL\thu nghiem 03\List\lcd.asm(1061): warning: Register r7 already defined by the .DEF directive
                 
                 
                 ;CodeVisionAVR C Compiler V2.05.0 Professional
                 ;(C) Copyright 1998-2010 Pavel Haiduc, HP InfoTech s.r.l.
                 ;http://www.hpinfotech.com
                 
                 ;Chip type                : ATmega16
                 ;Program type             : Application
                 ;Clock frequency          : 8.000000 MHz
                 ;Memory model             : Small
                 ;Optimize for             : Size
                 ;(s)printf features       : int, width
                 ;(s)scanf features        : int, width
                 ;External RAM size        : 0
                 ;Data Stack size          : 256 byte(s)
                 ;Heap size                : 0 byte(s)
                 ;Promote 'char' to 'int'  : Yes
                 ;'char' is unsigned       : Yes
                 ;8 bit enums              : Yes
                 ;global 'const' stored in FLASH: No
                 ;Enhanced core instructions    : On
                 ;Smart register allocation     : On
                 ;Automatic register allocation : On
                 
                 	#pragma AVRPART ADMIN PART_NAME ATmega16
                 	#pragma AVRPART MEMORY PROG_FLASH 16384
                 	#pragma AVRPART MEMORY EEPROM 512
                 	#pragma AVRPART MEMORY INT_SRAM SIZE 1119
                 	#pragma AVRPART MEMORY INT_SRAM START_ADDR 0x60
                 
                 	#define CALL_SUPPORTED 1
                 
                 	.LISTMAC
                 	.EQU UDRE=0x5
                 	.EQU RXC=0x7
                 	.EQU USR=0xB
                 	.EQU UDR=0xC
                 	.EQU SPSR=0xE
                 	.EQU SPDR=0xF
                 	.EQU EERE=0x0
                 	.EQU EEWE=0x1
                 	.EQU EEMWE=0x2
                 	.EQU EECR=0x1C
                 	.EQU EEDR=0x1D
                 	.EQU EEARL=0x1E
                 	.EQU EEARH=0x1F
                 	.EQU WDTCR=0x21
                 	.EQU MCUCR=0x35
                 	.EQU GICR=0x3B
                 	.EQU SPL=0x3D
                 	.EQU SPH=0x3E
                 	.EQU SREG=0x3F
                 
                 	.DEF R0X0=R0
                 	.DEF R0X1=R1
                 	.DEF R0X2=R2
                 	.DEF R0X3=R3
                 	.DEF R0X4=R4
                 	.DEF R0X5=R5
                 	.DEF R0X6=R6
                 	.DEF R0X7=R7
                 	.DEF R0X8=R8
                 	.DEF R0X9=R9
                 	.DEF R0XA=R10
                 	.DEF R0XB=R11
                 	.DEF R0XC=R12
                 	.DEF R0XD=R13
                 	.DEF R0XE=R14
                 	.DEF R0XF=R15
                 	.DEF R0X10=R16
                 	.DEF R0X11=R17
                 	.DEF R0X12=R18
                 	.DEF R0X13=R19
                 	.DEF R0X14=R20
                 	.DEF R0X15=R21
                 	.DEF R0X16=R22
                 	.DEF R0X17=R23
                 	.DEF R0X18=R24
                 	.DEF R0X19=R25
                 	.DEF R0X1A=R26
                 	.DEF R0X1B=R27
                 	.DEF R0X1C=R28
                 	.DEF R0X1D=R29
                 	.DEF R0X1E=R30
                 	.DEF R0X1F=R31
                 
                 	.EQU __SRAM_START=0x0060
                 	.EQU __SRAM_END=0x045F
                 	.EQU __DSTACK_SIZE=0x0100
                 	.EQU __HEAP_SIZE=0x0000
                 	.EQU __CLEAR_SRAM_SIZE=__SRAM_END-__SRAM_START+1
                 
                 	.MACRO __CPD1N
                 	CPI  R30,LOW(@0)
                 	LDI  R26,HIGH(@0)
                 	CPC  R31,R26
                 	LDI  R26,BYTE3(@0)
                 	CPC  R22,R26
                 	LDI  R26,BYTE4(@0)
                 	CPC  R23,R26
                 	.ENDM
                 
                 	.MACRO __CPD2N
                 	CPI  R26,LOW(@0)
                 	LDI  R30,HIGH(@0)
                 	CPC  R27,R30
                 	LDI  R30,BYTE3(@0)
                 	CPC  R24,R30
                 	LDI  R30,BYTE4(@0)
                 	CPC  R25,R30
                 	.ENDM
                 
                 	.MACRO __CPWRR
                 	CP   R@0,R@2
                 	CPC  R@1,R@3
                 	.ENDM
                 
                 	.MACRO __CPWRN
                 	CPI  R@0,LOW(@2)
                 	LDI  R30,HIGH(@2)
                 	CPC  R@1,R30
                 	.ENDM
                 
                 	.MACRO __ADDB1MN
                 	SUBI R30,LOW(-@0-(@1))
                 	.ENDM
                 
                 	.MACRO __ADDB2MN
                 	SUBI R26,LOW(-@0-(@1))
                 	.ENDM
                 
                 	.MACRO __ADDW1MN
                 	SUBI R30,LOW(-@0-(@1))
                 	SBCI R31,HIGH(-@0-(@1))
                 	.ENDM
                 
                 	.MACRO __ADDW2MN
                 	SUBI R26,LOW(-@0-(@1))
                 	SBCI R27,HIGH(-@0-(@1))
                 	.ENDM
                 
                 	.MACRO __ADDW1FN
                 	SUBI R30,LOW(-2*@0-(@1))
                 	SBCI R31,HIGH(-2*@0-(@1))
                 	.ENDM
                 
                 	.MACRO __ADDD1FN
                 	SUBI R30,LOW(-2*@0-(@1))
                 	SBCI R31,HIGH(-2*@0-(@1))
                 	SBCI R22,BYTE3(-2*@0-(@1))
                 	.ENDM
                 
                 	.MACRO __ADDD1N
                 	SUBI R30,LOW(-@0)
                 	SBCI R31,HIGH(-@0)
                 	SBCI R22,BYTE3(-@0)
                 	SBCI R23,BYTE4(-@0)
                 	.ENDM
                 
                 	.MACRO __ADDD2N
                 	SUBI R26,LOW(-@0)
                 	SBCI R27,HIGH(-@0)
                 	SBCI R24,BYTE3(-@0)
                 	SBCI R25,BYTE4(-@0)
                 	.ENDM
                 
                 	.MACRO __SUBD1N
                 	SUBI R30,LOW(@0)
                 	SBCI R31,HIGH(@0)
                 	SBCI R22,BYTE3(@0)
                 	SBCI R23,BYTE4(@0)
                 	.ENDM
                 
                 	.MACRO __SUBD2N
                 	SUBI R26,LOW(@0)
                 	SBCI R27,HIGH(@0)
                 	SBCI R24,BYTE3(@0)
                 	SBCI R25,BYTE4(@0)
                 	.ENDM
                 
                 	.MACRO __ANDBMNN
                 	LDS  R30,@0+(@1)
                 	ANDI R30,LOW(@2)
                 	STS  @0+(@1),R30
                 	.ENDM
                 
                 	.MACRO __ANDWMNN
                 	LDS  R30,@0+(@1)
                 	ANDI R30,LOW(@2)
                 	STS  @0+(@1),R30
                 	LDS  R30,@0+(@1)+1
                 	ANDI R30,HIGH(@2)
                 	STS  @0+(@1)+1,R30
                 	.ENDM
                 
                 	.MACRO __ANDD1N
                 	ANDI R30,LOW(@0)
                 	ANDI R31,HIGH(@0)
                 	ANDI R22,BYTE3(@0)
                 	ANDI R23,BYTE4(@0)
                 	.ENDM
                 
                 	.MACRO __ANDD2N
                 	ANDI R26,LOW(@0)
                 	ANDI R27,HIGH(@0)
                 	ANDI R24,BYTE3(@0)
                 	ANDI R25,BYTE4(@0)
                 	.ENDM
                 
                 	.MACRO __ORBMNN
                 	LDS  R30,@0+(@1)
                 	ORI  R30,LOW(@2)
                 	STS  @0+(@1),R30
                 	.ENDM
                 
                 	.MACRO __ORWMNN
                 	LDS  R30,@0+(@1)
                 	ORI  R30,LOW(@2)
                 	STS  @0+(@1),R30
                 	LDS  R30,@0+(@1)+1
                 	ORI  R30,HIGH(@2)
                 	STS  @0+(@1)+1,R30
                 	.ENDM
                 
                 	.MACRO __ORD1N
                 	ORI  R30,LOW(@0)
                 	ORI  R31,HIGH(@0)
                 	ORI  R22,BYTE3(@0)
                 	ORI  R23,BYTE4(@0)
                 	.ENDM
                 
                 	.MACRO __ORD2N
                 	ORI  R26,LOW(@0)
                 	ORI  R27,HIGH(@0)
                 	ORI  R24,BYTE3(@0)
                 	ORI  R25,BYTE4(@0)
                 	.ENDM
                 
                 	.MACRO __DELAY_USB
                 	LDI  R24,LOW(@0)
                 __DELAY_USB_LOOP:
                 	DEC  R24
                 	BRNE __DELAY_USB_LOOP
                 	.ENDM
                 
                 	.MACRO __DELAY_USW
                 	LDI  R24,LOW(@0)
                 	LDI  R25,HIGH(@0)
                 __DELAY_USW_LOOP:
                 	SBIW R24,1
                 	BRNE __DELAY_USW_LOOP
                 	.ENDM
                 
                 	.MACRO __GETD1S
                 	LDD  R30,Y+@0
                 	LDD  R31,Y+@0+1
                 	LDD  R22,Y+@0+2
                 	LDD  R23,Y+@0+3
                 	.ENDM
                 
                 	.MACRO __GETD2S
                 	LDD  R26,Y+@0
                 	LDD  R27,Y+@0+1
                 	LDD  R24,Y+@0+2
                 	LDD  R25,Y+@0+3
                 	.ENDM
                 
                 	.MACRO __PUTD1S
                 	STD  Y+@0,R30
                 	STD  Y+@0+1,R31
                 	STD  Y+@0+2,R22
                 	STD  Y+@0+3,R23
                 	.ENDM
                 
                 	.MACRO __PUTD2S
                 	STD  Y+@0,R26
                 	STD  Y+@0+1,R27
                 	STD  Y+@0+2,R24
                 	STD  Y+@0+3,R25
                 	.ENDM
                 
                 	.MACRO __PUTDZ2
                 	STD  Z+@0,R26
                 	STD  Z+@0+1,R27
                 	STD  Z+@0+2,R24
                 	STD  Z+@0+3,R25
                 	.ENDM
                 
                 	.MACRO __CLRD1S
                 	STD  Y+@0,R30
                 	STD  Y+@0+1,R30
                 	STD  Y+@0+2,R30
                 	STD  Y+@0+3,R30
                 	.ENDM
                 
                 	.MACRO __POINTB1MN
                 	LDI  R30,LOW(@0+(@1))
                 	.ENDM
                 
                 	.MACRO __POINTW1MN
                 	LDI  R30,LOW(@0+(@1))
                 	LDI  R31,HIGH(@0+(@1))
                 	.ENDM
                 
                 	.MACRO __POINTD1M
                 	LDI  R30,LOW(@0)
                 	LDI  R31,HIGH(@0)
                 	LDI  R22,BYTE3(@0)
                 	LDI  R23,BYTE4(@0)
                 	.ENDM
                 
                 	.MACRO __POINTW1FN
                 	LDI  R30,LOW(2*@0+(@1))
                 	LDI  R31,HIGH(2*@0+(@1))
                 	.ENDM
                 
                 	.MACRO __POINTD1FN
                 	LDI  R30,LOW(2*@0+(@1))
                 	LDI  R31,HIGH(2*@0+(@1))
                 	LDI  R22,BYTE3(2*@0+(@1))
                 	LDI  R23,BYTE4(2*@0+(@1))
                 	.ENDM
                 
                 	.MACRO __POINTB2MN
                 	LDI  R26,LOW(@0+(@1))
                 	.ENDM
                 
                 	.MACRO __POINTW2MN
                 	LDI  R26,LOW(@0+(@1))
                 	LDI  R27,HIGH(@0+(@1))
                 	.ENDM
                 
                 	.MACRO __POINTBRM
                 	LDI  R@0,LOW(@1)
                 	.ENDM
                 
                 	.MACRO __POINTWRM
                 	LDI  R@0,LOW(@2)
                 	LDI  R@1,HIGH(@2)
                 	.ENDM
                 
                 	.MACRO __POINTBRMN
                 	LDI  R@0,LOW(@1+(@2))
                 	.ENDM
                 
                 	.MACRO __POINTWRMN
                 	LDI  R@0,LOW(@2+(@3))
                 	LDI  R@1,HIGH(@2+(@3))
                 	.ENDM
                 
                 	.MACRO __POINTWRFN
                 	LDI  R@0,LOW(@2*2+(@3))
                 	LDI  R@1,HIGH(@2*2+(@3))
                 	.ENDM
                 
                 	.MACRO __GETD1N
                 	LDI  R30,LOW(@0)
                 	LDI  R31,HIGH(@0)
                 	LDI  R22,BYTE3(@0)
                 	LDI  R23,BYTE4(@0)
                 	.ENDM
                 
                 	.MACRO __GETD2N
                 	LDI  R26,LOW(@0)
                 	LDI  R27,HIGH(@0)
                 	LDI  R24,BYTE3(@0)
                 	LDI  R25,BYTE4(@0)
                 	.ENDM
                 
                 	.MACRO __GETB1MN
                 	LDS  R30,@0+(@1)
                 	.ENDM
                 
                 	.MACRO __GETB1HMN
                 	LDS  R31,@0+(@1)
                 	.ENDM
                 
                 	.MACRO __GETW1MN
                 	LDS  R30,@0+(@1)
                 	LDS  R31,@0+(@1)+1
                 	.ENDM
                 
                 	.MACRO __GETD1MN
                 	LDS  R30,@0+(@1)
                 	LDS  R31,@0+(@1)+1
                 	LDS  R22,@0+(@1)+2
                 	LDS  R23,@0+(@1)+3
                 	.ENDM
                 
                 	.MACRO __GETBRMN
                 	LDS  R@0,@1+(@2)
                 	.ENDM
                 
                 	.MACRO __GETWRMN
                 	LDS  R@0,@2+(@3)
                 	LDS  R@1,@2+(@3)+1
                 	.ENDM
                 
                 	.MACRO __GETWRZ
                 	LDD  R@0,Z+@2
                 	LDD  R@1,Z+@2+1
                 	.ENDM
                 
                 	.MACRO __GETD2Z
                 	LDD  R26,Z+@0
                 	LDD  R27,Z+@0+1
                 	LDD  R24,Z+@0+2
                 	LDD  R25,Z+@0+3
                 	.ENDM
                 
                 	.MACRO __GETB2MN
                 	LDS  R26,@0+(@1)
                 	.ENDM
                 
                 	.MACRO __GETW2MN
                 	LDS  R26,@0+(@1)
                 	LDS  R27,@0+(@1)+1
                 	.ENDM
                 
                 	.MACRO __GETD2MN
                 	LDS  R26,@0+(@1)
                 	LDS  R27,@0+(@1)+1
                 	LDS  R24,@0+(@1)+2
                 	LDS  R25,@0+(@1)+3
                 	.ENDM
                 
                 	.MACRO __PUTB1MN
                 	STS  @0+(@1),R30
                 	.ENDM
                 
                 	.MACRO __PUTW1MN
                 	STS  @0+(@1),R30
                 	STS  @0+(@1)+1,R31
                 	.ENDM
                 
                 	.MACRO __PUTD1MN
                 	STS  @0+(@1),R30
                 	STS  @0+(@1)+1,R31
                 	STS  @0+(@1)+2,R22
                 	STS  @0+(@1)+3,R23
                 	.ENDM
                 
                 	.MACRO __PUTB1EN
                 	LDI  R26,LOW(@0+(@1))
                 	LDI  R27,HIGH(@0+(@1))
                 	CALL __EEPROMWRB
                 	.ENDM
                 
                 	.MACRO __PUTW1EN
                 	LDI  R26,LOW(@0+(@1))
                 	LDI  R27,HIGH(@0+(@1))
                 	CALL __EEPROMWRW
                 	.ENDM
                 
                 	.MACRO __PUTD1EN
                 	LDI  R26,LOW(@0+(@1))
                 	LDI  R27,HIGH(@0+(@1))
                 	CALL __EEPROMWRD
                 	.ENDM
                 
                 	.MACRO __PUTBR0MN
                 	STS  @0+(@1),R0
                 	.ENDM
                 
                 	.MACRO __PUTBMRN
                 	STS  @0+(@1),R@2
                 	.ENDM
                 
                 	.MACRO __PUTWMRN
                 	STS  @0+(@1),R@2
                 	STS  @0+(@1)+1,R@3
                 	.ENDM
                 
                 	.MACRO __PUTBZR
                 	STD  Z+@1,R@0
                 	.ENDM
                 
                 	.MACRO __PUTWZR
                 	STD  Z+@2,R@0
                 	STD  Z+@2+1,R@1
                 	.ENDM
                 
                 	.MACRO __GETW1R
                 	MOV  R30,R@0
                 	MOV  R31,R@1
                 	.ENDM
                 
                 	.MACRO __GETW2R
                 	MOV  R26,R@0
                 	MOV  R27,R@1
                 	.ENDM
                 
                 	.MACRO __GETWRN
                 	LDI  R@0,LOW(@2)
                 	LDI  R@1,HIGH(@2)
                 	.ENDM
                 
                 	.MACRO __PUTW1R
                 	MOV  R@0,R30
                 	MOV  R@1,R31
                 	.ENDM
                 
                 	.MACRO __PUTW2R
                 	MOV  R@0,R26
                 	MOV  R@1,R27
                 	.ENDM
                 
                 	.MACRO __ADDWRN
                 	SUBI R@0,LOW(-@2)
                 	SBCI R@1,HIGH(-@2)
                 	.ENDM
                 
                 	.MACRO __ADDWRR
                 	ADD  R@0,R@2
                 	ADC  R@1,R@3
                 	.ENDM
                 
                 	.MACRO __SUBWRN
                 	SUBI R@0,LOW(@2)
                 	SBCI R@1,HIGH(@2)
                 	.ENDM
                 
                 	.MACRO __SUBWRR
                 	SUB  R@0,R@2
                 	SBC  R@1,R@3
                 	.ENDM
                 
                 	.MACRO __ANDWRN
                 	ANDI R@0,LOW(@2)
                 	ANDI R@1,HIGH(@2)
                 	.ENDM
                 
                 	.MACRO __ANDWRR
                 	AND  R@0,R@2
                 	AND  R@1,R@3
                 	.ENDM
                 
                 	.MACRO __ORWRN
                 	ORI  R@0,LOW(@2)
                 	ORI  R@1,HIGH(@2)
                 	.ENDM
                 
                 	.MACRO __ORWRR
                 	OR   R@0,R@2
                 	OR   R@1,R@3
                 	.ENDM
                 
                 	.MACRO __EORWRR
                 	EOR  R@0,R@2
                 	EOR  R@1,R@3
                 	.ENDM
                 
                 	.MACRO __GETWRS
                 	LDD  R@0,Y+@2
                 	LDD  R@1,Y+@2+1
                 	.ENDM
                 
                 	.MACRO __PUTBSR
                 	STD  Y+@1,R@0
                 	.ENDM
                 
                 	.MACRO __PUTWSR
                 	STD  Y+@2,R@0
                 	STD  Y+@2+1,R@1
                 	.ENDM
                 
                 	.MACRO __MOVEWRR
                 	MOV  R@0,R@2
                 	MOV  R@1,R@3
                 	.ENDM
                 
                 	.MACRO __INWR
                 	IN   R@0,@2
                 	IN   R@1,@2+1
                 	.ENDM
                 
                 	.MACRO __OUTWR
                 	OUT  @2+1,R@1
                 	OUT  @2,R@0
                 	.ENDM
                 
                 	.MACRO __CALL1MN
                 	LDS  R30,@0+(@1)
                 	LDS  R31,@0+(@1)+1
                 	ICALL
                 	.ENDM
                 
                 	.MACRO __CALL1FN
                 	LDI  R30,LOW(2*@0+(@1))
                 	LDI  R31,HIGH(2*@0+(@1))
                 	CALL __GETW1PF
                 	ICALL
                 	.ENDM
                 
                 	.MACRO __CALL2EN
                 	LDI  R26,LOW(@0+(@1))
                 	LDI  R27,HIGH(@0+(@1))
                 	CALL __EEPROMRDW
                 	ICALL
                 	.ENDM
                 
                 	.MACRO __GETW1STACK
                 	IN   R26,SPL
                 	IN   R27,SPH
                 	ADIW R26,@0+1
                 	LD   R30,X+
                 	LD   R31,X
                 	.ENDM
                 
                 	.MACRO __GETD1STACK
                 	IN   R26,SPL
                 	IN   R27,SPH
                 	ADIW R26,@0+1
                 	LD   R30,X+
                 	LD   R31,X+
                 	LD   R22,X
                 	.ENDM
                 
                 	.MACRO __NBST
                 	BST  R@0,@1
                 	IN   R30,SREG
                 	LDI  R31,0x40
                 	EOR  R30,R31
                 	OUT  SREG,R30
                 	.ENDM
                 
                 
                 	.MACRO __PUTB1SN
                 	LDD  R26,Y+@0
                 	LDD  R27,Y+@0+1
                 	SUBI R26,LOW(-@1)
                 	SBCI R27,HIGH(-@1)
                 	ST   X,R30
                 	.ENDM
                 
                 	.MACRO __PUTW1SN
                 	LDD  R26,Y+@0
                 	LDD  R27,Y+@0+1
                 	SUBI R26,LOW(-@1)
                 	SBCI R27,HIGH(-@1)
                 	ST   X+,R30
                 	ST   X,R31
                 	.ENDM
                 
                 	.MACRO __PUTD1SN
                 	LDD  R26,Y+@0
                 	LDD  R27,Y+@0+1
                 	SUBI R26,LOW(-@1)
                 	SBCI R27,HIGH(-@1)
                 	CALL __PUTDP1
                 	.ENDM
                 
                 	.MACRO __PUTB1SNS
                 	LDD  R26,Y+@0
                 	LDD  R27,Y+@0+1
                 	ADIW R26,@1
                 	ST   X,R30
                 	.ENDM
                 
                 	.MACRO __PUTW1SNS
                 	LDD  R26,Y+@0
                 	LDD  R27,Y+@0+1
                 	ADIW R26,@1
                 	ST   X+,R30
                 	ST   X,R31
                 	.ENDM
                 
                 	.MACRO __PUTD1SNS
                 	LDD  R26,Y+@0
                 	LDD  R27,Y+@0+1
                 	ADIW R26,@1
                 	CALL __PUTDP1
                 	.ENDM
                 
                 	.MACRO __PUTB1PMN
                 	LDS  R26,@0
                 	LDS  R27,@0+1
                 	SUBI R26,LOW(-@1)
                 	SBCI R27,HIGH(-@1)
                 	ST   X,R30
                 	.ENDM
                 
                 	.MACRO __PUTW1PMN
                 	LDS  R26,@0
                 	LDS  R27,@0+1
                 	SUBI R26,LOW(-@1)
                 	SBCI R27,HIGH(-@1)
                 	ST   X+,R30
                 	ST   X,R31
                 	.ENDM
                 
                 	.MACRO __PUTD1PMN
                 	LDS  R26,@0
                 	LDS  R27,@0+1
                 	SUBI R26,LOW(-@1)
                 	SBCI R27,HIGH(-@1)
                 	CALL __PUTDP1
                 	.ENDM
                 
                 	.MACRO __PUTB1PMNS
                 	LDS  R26,@0
                 	LDS  R27,@0+1
                 	ADIW R26,@1
                 	ST   X,R30
                 	.ENDM
                 
                 	.MACRO __PUTW1PMNS
                 	LDS  R26,@0
                 	LDS  R27,@0+1
                 	ADIW R26,@1
                 	ST   X+,R30
                 	ST   X,R31
                 	.ENDM
                 
                 	.MACRO __PUTD1PMNS
                 	LDS  R26,@0
                 	LDS  R27,@0+1
                 	ADIW R26,@1
                 	CALL __PUTDP1
                 	.ENDM
                 
                 	.MACRO __PUTB1RN
                 	MOVW R26,R@0
                 	SUBI R26,LOW(-@1)
                 	SBCI R27,HIGH(-@1)
                 	ST   X,R30
                 	.ENDM
                 
                 	.MACRO __PUTW1RN
                 	MOVW R26,R@0
                 	SUBI R26,LOW(-@1)
                 	SBCI R27,HIGH(-@1)
                 	ST   X+,R30
                 	ST   X,R31
                 	.ENDM
                 
                 	.MACRO __PUTD1RN
                 	MOVW R26,R@0
                 	SUBI R26,LOW(-@1)
                 	SBCI R27,HIGH(-@1)
                 	CALL __PUTDP1
                 	.ENDM
                 
                 	.MACRO __PUTB1RNS
                 	MOVW R26,R@0
                 	ADIW R26,@1
                 	ST   X,R30
                 	.ENDM
                 
                 	.MACRO __PUTW1RNS
                 	MOVW R26,R@0
                 	ADIW R26,@1
                 	ST   X+,R30
                 	ST   X,R31
                 	.ENDM
                 
                 	.MACRO __PUTD1RNS
                 	MOVW R26,R@0
                 	ADIW R26,@1
                 	CALL __PUTDP1
                 	.ENDM
                 
                 	.MACRO __PUTB1RON
                 	MOV  R26,R@0
                 	MOV  R27,R@1
                 	SUBI R26,LOW(-@2)
                 	SBCI R27,HIGH(-@2)
                 	ST   X,R30
                 	.ENDM
                 
                 	.MACRO __PUTW1RON
                 	MOV  R26,R@0
                 	MOV  R27,R@1
                 	SUBI R26,LOW(-@2)
                 	SBCI R27,HIGH(-@2)
                 	ST   X+,R30
                 	ST   X,R31
                 	.ENDM
                 
                 	.MACRO __PUTD1RON
                 	MOV  R26,R@0
                 	MOV  R27,R@1
                 	SUBI R26,LOW(-@2)
                 	SBCI R27,HIGH(-@2)
                 	CALL __PUTDP1
                 	.ENDM
                 
                 	.MACRO __PUTB1RONS
                 	MOV  R26,R@0
                 	MOV  R27,R@1
                 	ADIW R26,@2
                 	ST   X,R30
                 	.ENDM
                 
                 	.MACRO __PUTW1RONS
                 	MOV  R26,R@0
                 	MOV  R27,R@1
                 	ADIW R26,@2
                 	ST   X+,R30
                 	ST   X,R31
                 	.ENDM
                 
                 	.MACRO __PUTD1RONS
                 	MOV  R26,R@0
                 	MOV  R27,R@1
                 	ADIW R26,@2
                 	CALL __PUTDP1
                 	.ENDM
                 
                 
                 	.MACRO __GETB1SX
                 	MOVW R30,R28
                 	SUBI R30,LOW(-@0)
                 	SBCI R31,HIGH(-@0)
                 	LD   R30,Z
                 	.ENDM
                 
                 	.MACRO __GETB1HSX
                 	MOVW R30,R28
                 	SUBI R30,LOW(-@0)
                 	SBCI R31,HIGH(-@0)
                 	LD   R31,Z
                 	.ENDM
                 
                 	.MACRO __GETW1SX
                 	MOVW R30,R28
                 	SUBI R30,LOW(-@0)
                 	SBCI R31,HIGH(-@0)
                 	LD   R0,Z+
                 	LD   R31,Z
                 	MOV  R30,R0
                 	.ENDM
                 
                 	.MACRO __GETD1SX
                 	MOVW R30,R28
                 	SUBI R30,LOW(-@0)
                 	SBCI R31,HIGH(-@0)
                 	LD   R0,Z+
                 	LD   R1,Z+
                 	LD   R22,Z+
                 	LD   R23,Z
                 	MOVW R30,R0
                 	.ENDM
                 
                 	.MACRO __GETB2SX
                 	MOVW R26,R28
                 	SUBI R26,LOW(-@0)
                 	SBCI R27,HIGH(-@0)
                 	LD   R26,X
                 	.ENDM
                 
                 	.MACRO __GETW2SX
                 	MOVW R26,R28
                 	SUBI R26,LOW(-@0)
                 	SBCI R27,HIGH(-@0)
                 	LD   R0,X+
                 	LD   R27,X
                 	MOV  R26,R0
                 	.ENDM
                 
                 	.MACRO __GETD2SX
                 	MOVW R26,R28
                 	SUBI R26,LOW(-@0)
                 	SBCI R27,HIGH(-@0)
                 	LD   R0,X+
                 	LD   R1,X+
                 	LD   R24,X+
                 	LD   R25,X
                 	MOVW R26,R0
                 	.ENDM
                 
                 	.MACRO __GETBRSX
                 	MOVW R30,R28
                 	SUBI R30,LOW(-@1)
                 	SBCI R31,HIGH(-@1)
                 	LD   R@0,Z
                 	.ENDM
                 
                 	.MACRO __GETWRSX
                 	MOVW R30,R28
                 	SUBI R30,LOW(-@2)
                 	SBCI R31,HIGH(-@2)
                 	LD   R@0,Z+
                 	LD   R@1,Z
                 	.ENDM
                 
                 	.MACRO __GETBRSX2
                 	MOVW R26,R28
                 	SUBI R26,LOW(-@1)
                 	SBCI R27,HIGH(-@1)
                 	LD   R@0,X
                 	.ENDM
                 
                 	.MACRO __GETWRSX2
                 	MOVW R26,R28
                 	SUBI R26,LOW(-@2)
                 	SBCI R27,HIGH(-@2)
                 	LD   R@0,X+
                 	LD   R@1,X
                 	.ENDM
                 
                 	.MACRO __LSLW8SX
                 	MOVW R30,R28
                 	SUBI R30,LOW(-@0)
                 	SBCI R31,HIGH(-@0)
                 	LD   R31,Z
                 	CLR  R30
                 	.ENDM
                 
                 	.MACRO __PUTB1SX
                 	MOVW R26,R28
                 	SUBI R26,LOW(-@0)
                 	SBCI R27,HIGH(-@0)
                 	ST   X,R30
                 	.ENDM
                 
                 	.MACRO __PUTW1SX
                 	MOVW R26,R28
                 	SUBI R26,LOW(-@0)
                 	SBCI R27,HIGH(-@0)
                 	ST   X+,R30
                 	ST   X,R31
                 	.ENDM
                 
                 	.MACRO __PUTD1SX
                 	MOVW R26,R28
                 	SUBI R26,LOW(-@0)
                 	SBCI R27,HIGH(-@0)
                 	ST   X+,R30
                 	ST   X+,R31
                 	ST   X+,R22
                 	ST   X,R23
                 	.ENDM
                 
                 	.MACRO __CLRW1SX
                 	MOVW R26,R28
                 	SUBI R26,LOW(-@0)
                 	SBCI R27,HIGH(-@0)
                 	ST   X+,R30
                 	ST   X,R30
                 	.ENDM
                 
                 	.MACRO __CLRD1SX
                 	MOVW R26,R28
                 	SUBI R26,LOW(-@0)
                 	SBCI R27,HIGH(-@0)
                 	ST   X+,R30
                 	ST   X+,R30
                 	ST   X+,R30
                 	ST   X,R30
                 	.ENDM
                 
                 	.MACRO __PUTB2SX
                 	MOVW R30,R28
                 	SUBI R30,LOW(-@0)
                 	SBCI R31,HIGH(-@0)
                 	ST   Z,R26
                 	.ENDM
                 
                 	.MACRO __PUTW2SX
                 	MOVW R30,R28
                 	SUBI R30,LOW(-@0)
                 	SBCI R31,HIGH(-@0)
                 	ST   Z+,R26
                 	ST   Z,R27
                 	.ENDM
                 
                 	.MACRO __PUTD2SX
                 	MOVW R30,R28
                 	SUBI R30,LOW(-@0)
                 	SBCI R31,HIGH(-@0)
                 	ST   Z+,R26
                 	ST   Z+,R27
                 	ST   Z+,R24
                 	ST   Z,R25
                 	.ENDM
                 
                 	.MACRO __PUTBSRX
                 	MOVW R30,R28
                 	SUBI R30,LOW(-@1)
                 	SBCI R31,HIGH(-@1)
                 	ST   Z,R@0
                 	.ENDM
                 
                 	.MACRO __PUTWSRX
                 	MOVW R30,R28
                 	SUBI R30,LOW(-@2)
                 	SBCI R31,HIGH(-@2)
                 	ST   Z+,R@0
                 	ST   Z,R@1
                 	.ENDM
                 
                 	.MACRO __PUTB1SNX
                 	MOVW R26,R28
                 	SUBI R26,LOW(-@0)
                 	SBCI R27,HIGH(-@0)
                 	LD   R0,X+
                 	LD   R27,X
                 	MOV  R26,R0
                 	SUBI R26,LOW(-@1)
                 	SBCI R27,HIGH(-@1)
                 	ST   X,R30
                 	.ENDM
                 
                 	.MACRO __PUTW1SNX
                 	MOVW R26,R28
                 	SUBI R26,LOW(-@0)
                 	SBCI R27,HIGH(-@0)
                 	LD   R0,X+
                 	LD   R27,X
                 	MOV  R26,R0
                 	SUBI R26,LOW(-@1)
                 	SBCI R27,HIGH(-@1)
                 	ST   X+,R30
                 	ST   X,R31
                 	.ENDM
                 
                 	.MACRO __PUTD1SNX
                 	MOVW R26,R28
                 	SUBI R26,LOW(-@0)
                 	SBCI R27,HIGH(-@0)
                 	LD   R0,X+
                 	LD   R27,X
                 	MOV  R26,R0
                 	SUBI R26,LOW(-@1)
                 	SBCI R27,HIGH(-@1)
                 	ST   X+,R30
                 	ST   X+,R31
                 	ST   X+,R22
                 	ST   X,R23
                 	.ENDM
                 
                 	.MACRO __MULBRR
                 	MULS R@0,R@1
                 	MOVW R30,R0
                 	.ENDM
                 
                 	.MACRO __MULBRRU
                 	MUL  R@0,R@1
                 	MOVW R30,R0
                 	.ENDM
                 
                 	.MACRO __MULBRR0
                 	MULS R@0,R@1
                 	.ENDM
                 
                 	.MACRO __MULBRRU0
                 	MUL  R@0,R@1
                 	.ENDM
                 
                 	.MACRO __MULBNWRU
                 	LDI  R26,@2
                 	MUL  R26,R@0
                 	MOVW R30,R0
                 	MUL  R26,R@1
                 	ADD  R31,R0
                 	.ENDM
                 
                 ;NAME DEFINITIONS FOR GLOBAL VARIABLES ALLOCATED TO REGISTERS
                 	.DEF __lcd_x=R5
                 	.DEF __lcd_y=R4
                 	.DEF __lcd_maxx=R7
                 
                 	.CSEG
                 	.ORG 0x00
                 
                 ;START OF CODE MARKER
                 __START_OF_CODE:
                 
                 ;INTERRUPT VECTORS
000000 940c 0080 	JMP  __RESET
000002 940c 0000 	JMP  0x00
000004 940c 0000 	JMP  0x00
000006 940c 0000 	JMP  0x00
000008 940c 0000 	JMP  0x00
00000a 940c 0000 	JMP  0x00
00000c 940c 0000 	JMP  0x00
00000e 940c 0000 	JMP  0x00
000010 940c 0000 	JMP  0x00
000012 940c 0000 	JMP  0x00
000014 940c 0000 	JMP  0x00
000016 940c 0000 	JMP  0x00
000018 940c 0000 	JMP  0x00
00001a 940c 0000 	JMP  0x00
00001c 940c 0000 	JMP  0x00
00001e 940c 0000 	JMP  0x00
000020 940c 0000 	JMP  0x00
000022 940c 0000 	JMP  0x00
000024 940c 0000 	JMP  0x00
000026 940c 0000 	JMP  0x00
000028 940c 0000 	JMP  0x00
                 
                 _0x0:
00002a 4557
00002b 434c
00002c 4d4f
00002d 0045      	.DB  0x57,0x45,0x4C,0x43,0x4F,0x4D,0x45,0x0
00002e 4f54
00002f 4120
000030 5256
000031 5300      	.DB  0x54,0x4F,0x20,0x41,0x56,0x52,0x0,0x53
000032 4154
000033 5452
000034 4e49
000035 0047      	.DB  0x54,0x41,0x52,0x54,0x49,0x4E,0x47,0x0
000036 5953
000037 5453
000038 4d45
000039 5300      	.DB  0x53,0x59,0x53,0x54,0x45,0x4D,0x0,0x53
00003a 6174
00003b 7472
00003c 6e69
00003d 2e67      	.DB  0x74,0x61,0x72,0x74,0x69,0x6E,0x67,0x2E
00003e 2e2e
00003f 002e
000040 6552
000041 6461      	.DB  0x2E,0x2E,0x2E,0x0,0x52,0x65,0x61,0x64
000042 2079
000043 2121
000044 0021
000045 4157      	.DB  0x79,0x20,0x21,0x21,0x21,0x0,0x57,0x41
000046 4e52
000047 4e49
000048 2147
000049 2121      	.DB  0x52,0x4E,0x49,0x4E,0x47,0x21,0x21,0x21
00004a 4e00
00004b 746f
00004c 6120
00004d 6c6c      	.DB  0x0,0x4E,0x6F,0x74,0x20,0x61,0x6C,0x6C
00004e 776f
00004f 6465
E:\LESSONS\LAP TRINH VXL\thu nghiem 03\List\lcd.asm(1102): warning: .cseg .db misalignment - padding zero byte
000050 0000      	.DB  0x6F,0x77,0x65,0x64,0x0
                 _0x2000003:
000051 c080      	.DB  0x80,0xC0
                 
                 __GLOBAL_INI_TBL:
000052 0008      	.DW  0x08
000053 0160      	.DW  _0x3
000054 0054      	.DW  _0x0*2
                 
000055 0007      	.DW  0x07
000056 0168      	.DW  _0x3+8
000057 005c      	.DW  _0x0*2+8
                 
000058 0009      	.DW  0x09
000059 016f      	.DW  _0x3+15
00005a 0063      	.DW  _0x0*2+15
                 
00005b 0007      	.DW  0x07
00005c 0178      	.DW  _0x3+24
00005d 006c      	.DW  _0x0*2+24
                 
00005e 000d      	.DW  0x0D
00005f 017f      	.DW  _0x3+31
000060 0073      	.DW  _0x0*2+31
                 
000061 000a      	.DW  0x0A
000062 018c      	.DW  _0x3+44
000063 0080      	.DW  _0x0*2+44
                 
000064 000b      	.DW  0x0B
000065 0196      	.DW  _0x3+54
000066 008a      	.DW  _0x0*2+54
                 
000067 000c      	.DW  0x0C
000068 01a1      	.DW  _0x3+65
000069 0095      	.DW  _0x0*2+65
                 
00006a 000d      	.DW  0x0D
00006b 01ad      	.DW  _0x3+77
00006c 0073      	.DW  _0x0*2+31
                 
00006d 000a      	.DW  0x0A
00006e 01ba      	.DW  _0x3+90
00006f 0080      	.DW  _0x0*2+44
                 
000070 000b      	.DW  0x0B
000071 01c4      	.DW  _0x3+100
000072 008a      	.DW  _0x0*2+54
                 
000073 000c      	.DW  0x0C
000074 01cf      	.DW  _0x3+111
000075 0095      	.DW  _0x0*2+65
                 
000076 000b      	.DW  0x0B
000077 01db      	.DW  _0x3+123
000078 008a      	.DW  _0x0*2+54
                 
000079 000c      	.DW  0x0C
00007a 01e6      	.DW  _0x3+134
00007b 0095      	.DW  _0x0*2+65
                 
00007c 0002      	.DW  0x02
00007d 01f2      	.DW  __base_y_G100
00007e 00a2      	.DW  _0x2000003*2
                 
                 _0xFFFFFFFF:
00007f 0000      	.DW  0
                 
                 __RESET:
000080 94f8      	CLI
000081 27ee      	CLR  R30
000082 bbec      	OUT  EECR,R30
                 
                 ;INTERRUPT VECTORS ARE PLACED
                 ;AT THE START OF FLASH
000083 e0f1      	LDI  R31,1
000084 bffb      	OUT  GICR,R31
000085 bfeb      	OUT  GICR,R30
000086 bfe5      	OUT  MCUCR,R30
                 
                 ;DISABLE WATCHDOG
000087 e1f8      	LDI  R31,0x18
000088 bdf1      	OUT  WDTCR,R31
000089 bde1      	OUT  WDTCR,R30
                 
                 ;CLEAR R2-R14
00008a e08d      	LDI  R24,(14-2)+1
00008b e0a2      	LDI  R26,2
00008c 27bb      	CLR  R27
                 __CLEAR_REG:
00008d 93ed      	ST   X+,R30
00008e 958a      	DEC  R24
00008f f7e9      	BRNE __CLEAR_REG
                 
                 ;CLEAR SRAM
000090 e080      	LDI  R24,LOW(__CLEAR_SRAM_SIZE)
000091 e094      	LDI  R25,HIGH(__CLEAR_SRAM_SIZE)
000092 e6a0      	LDI  R26,__SRAM_START
                 __CLEAR_SRAM:
000093 93ed      	ST   X+,R30
000094 9701      	SBIW R24,1
000095 f7e9      	BRNE __CLEAR_SRAM
                 
                 ;GLOBAL VARIABLES INITIALIZATION
000096 eae4      	LDI  R30,LOW(__GLOBAL_INI_TBL*2)
000097 e0f0      	LDI  R31,HIGH(__GLOBAL_INI_TBL*2)
                 __GLOBAL_INI_NEXT:
000098 9185      	LPM  R24,Z+
000099 9195      	LPM  R25,Z+
00009a 9700      	SBIW R24,0
00009b f061      	BREQ __GLOBAL_INI_END
00009c 91a5      	LPM  R26,Z+
00009d 91b5      	LPM  R27,Z+
00009e 9005      	LPM  R0,Z+
00009f 9015      	LPM  R1,Z+
0000a0 01bf      	MOVW R22,R30
0000a1 01f0      	MOVW R30,R0
                 __GLOBAL_INI_LOOP:
0000a2 9005      	LPM  R0,Z+
0000a3 920d      	ST   X+,R0
0000a4 9701      	SBIW R24,1
0000a5 f7e1      	BRNE __GLOBAL_INI_LOOP
0000a6 01fb      	MOVW R30,R22
0000a7 cff0      	RJMP __GLOBAL_INI_NEXT
                 __GLOBAL_INI_END:
                 
                 ;HARDWARE STACK POINTER INITIALIZATION
0000a8 e5ef      	LDI  R30,LOW(__SRAM_END-__HEAP_SIZE)
0000a9 bfed      	OUT  SPL,R30
0000aa e0e4      	LDI  R30,HIGH(__SRAM_END-__HEAP_SIZE)
0000ab bfee      	OUT  SPH,R30
                 
                 ;DATA STACK POINTER INITIALIZATION
0000ac e6c0      	LDI  R28,LOW(__SRAM_START+__DSTACK_SIZE)
0000ad e0d1      	LDI  R29,HIGH(__SRAM_START+__DSTACK_SIZE)
                 
0000ae 940c 00b0 	JMP  _main
                 
                 	.ESEG
                 	.ORG 0
                 
                 	.DSEG
                 	.ORG 0x160
                 
                 	.CSEG
                 ;/*****************************************************
                 ;This program was produced by the
                 ;CodeWizardAVR V2.05.0 Professional
                 ;Automatic Program Generator
                 ;© Copyright 1998-2010 Pavel Haiduc, HP InfoTech s.r.l.
                 ;http://www.hpinfotech.com
                 ;
                 ;Project :
                 ;Version :
                 ;Date    : 28/12/2020
                 ;Author  : NeVaDa
                 ;Company :
                 ;Comments:
                 ;
                 ;
                 ;Chip type               : ATmega16
                 ;Program type            : Application
                 ;AVR Core Clock frequency: 8.000000 MHz
                 ;Memory model            : Small
                 ;External RAM size       : 0
                 ;Data Stack size         : 256
                 ;*****************************************************/
                 ;
                 ;#include <mega16.h>
                 	#ifndef __SLEEP_DEFINED__
                 	#define __SLEEP_DEFINED__
                 	.EQU __se_bit=0x40
                 	.EQU __sm_mask=0xB0
                 	.EQU __sm_powerdown=0x20
                 	.EQU __sm_powersave=0x30
                 	.EQU __sm_standby=0xA0
                 	.EQU __sm_ext_standby=0xB0
                 	.EQU __sm_adc_noise_red=0x10
                 	.SET power_ctrl_reg=mcucr
                 	#endif
                 ;#include <delay.h>
                 ;// Alphanumeric LCD Module functions
                 ;#include <alcd.h>
                 ;
                 ;// Declare your global variables here
                 ;
                 ;void main(void)
                 ; 0000 0020 {
                 
                 	.CSEG
                 _main:
                 ; 0000 0021 // Declare your local variables here
                 ; 0000 0022 
                 ; 0000 0023 // Input/Output Ports initialization
                 ; 0000 0024 // Port A initialization
                 ; 0000 0025 // Func7=In Func6=In Func5=In Func4=In Func3=In Func2=In Func1=In Func0=In
                 ; 0000 0026 // State7=P State6=P State5=P State4=P State3=P State2=P State1=P State0=P
                 ; 0000 0027 PORTA=0xFF;
0000b0 efef      	LDI  R30,LOW(255)
0000b1 bbeb      	OUT  0x1B,R30
                 ; 0000 0028 DDRA=0x00;
0000b2 e0e0      	LDI  R30,LOW(0)
0000b3 bbea      	OUT  0x1A,R30
                 ; 0000 0029 
                 ; 0000 002A // Port B initialization
                 ; 0000 002B // Func7=In Func6=In Func5=In Func4=In Func3=In Func2=In Func1=In Func0=In
                 ; 0000 002C // State7=T State6=T State5=T State4=T State3=T State2=T State1=T State0=T
                 ; 0000 002D PORTB=0x00;
0000b4 bbe8      	OUT  0x18,R30
                 ; 0000 002E DDRB=0x00;
0000b5 bbe7      	OUT  0x17,R30
                 ; 0000 002F 
                 ; 0000 0030 // Port C initialization
                 ; 0000 0031 // Func7=In Func6=In Func5=In Func4=In Func3=In Func2=In Func1=In Func0=In
                 ; 0000 0032 // State7=T State6=T State5=T State4=T State3=T State2=T State1=T State0=T
                 ; 0000 0033 PORTC=0x00;
0000b6 bbe5      	OUT  0x15,R30
                 ; 0000 0034 DDRC=0x00;
0000b7 bbe4      	OUT  0x14,R30
                 ; 0000 0035 
                 ; 0000 0036 // Port D initialization
                 ; 0000 0037 // Func7=Out Func6=Out Func5=Out Func4=Out Func3=Out Func2=Out Func1=Out Func0=Out
                 ; 0000 0038 // State7=0 State6=0 State5=0 State4=0 State3=0 State2=0 State1=0 State0=0
                 ; 0000 0039 PORTD=0x00;
0000b8 bbe2      	OUT  0x12,R30
                 ; 0000 003A DDRD=0xFF;
0000b9 efef      	LDI  R30,LOW(255)
0000ba bbe1      	OUT  0x11,R30
                 ; 0000 003B 
                 ; 0000 003C // Timer/Counter 0 initialization
                 ; 0000 003D // Clock source: System Clock
                 ; 0000 003E // Clock value: Timer 0 Stopped
                 ; 0000 003F // Mode: Normal top=0xFF
                 ; 0000 0040 // OC0 output: Disconnected
                 ; 0000 0041 TCCR0=0x00;
0000bb e0e0      	LDI  R30,LOW(0)
0000bc bfe3      	OUT  0x33,R30
                 ; 0000 0042 TCNT0=0x00;
0000bd bfe2      	OUT  0x32,R30
                 ; 0000 0043 OCR0=0x00;
0000be bfec      	OUT  0x3C,R30
                 ; 0000 0044 
                 ; 0000 0045 // Timer/Counter 1 initialization
                 ; 0000 0046 // Clock source: System Clock
                 ; 0000 0047 // Clock value: Timer1 Stopped
                 ; 0000 0048 // Mode: Normal top=0xFFFF
                 ; 0000 0049 // OC1A output: Discon.
                 ; 0000 004A // OC1B output: Discon.
                 ; 0000 004B // Noise Canceler: Off
                 ; 0000 004C // Input Capture on Falling Edge
                 ; 0000 004D // Timer1 Overflow Interrupt: Off
                 ; 0000 004E // Input Capture Interrupt: Off
                 ; 0000 004F // Compare A Match Interrupt: Off
                 ; 0000 0050 // Compare B Match Interrupt: Off
                 ; 0000 0051 TCCR1A=0x00;
0000bf bdef      	OUT  0x2F,R30
                 ; 0000 0052 TCCR1B=0x00;
0000c0 bdee      	OUT  0x2E,R30
                 ; 0000 0053 TCNT1H=0x00;
0000c1 bded      	OUT  0x2D,R30
                 ; 0000 0054 TCNT1L=0x00;
0000c2 bdec      	OUT  0x2C,R30
                 ; 0000 0055 ICR1H=0x00;
0000c3 bde7      	OUT  0x27,R30
                 ; 0000 0056 ICR1L=0x00;
0000c4 bde6      	OUT  0x26,R30
                 ; 0000 0057 OCR1AH=0x00;
0000c5 bdeb      	OUT  0x2B,R30
                 ; 0000 0058 OCR1AL=0x00;
0000c6 bdea      	OUT  0x2A,R30
                 ; 0000 0059 OCR1BH=0x00;
0000c7 bde9      	OUT  0x29,R30
                 ; 0000 005A OCR1BL=0x00;
0000c8 bde8      	OUT  0x28,R30
                 ; 0000 005B 
                 ; 0000 005C // Timer/Counter 2 initialization
                 ; 0000 005D // Clock source: System Clock
                 ; 0000 005E // Clock value: Timer2 Stopped
                 ; 0000 005F // Mode: Normal top=0xFF
                 ; 0000 0060 // OC2 output: Disconnected
                 ; 0000 0061 ASSR=0x00;
0000c9 bde2      	OUT  0x22,R30
                 ; 0000 0062 TCCR2=0x00;
0000ca bde5      	OUT  0x25,R30
                 ; 0000 0063 TCNT2=0x00;
0000cb bde4      	OUT  0x24,R30
                 ; 0000 0064 OCR2=0x00;
0000cc bde3      	OUT  0x23,R30
                 ; 0000 0065 
                 ; 0000 0066 // External Interrupt(s) initialization
                 ; 0000 0067 // INT0: Off
                 ; 0000 0068 // INT1: Off
                 ; 0000 0069 // INT2: Off
                 ; 0000 006A MCUCR=0x00;
0000cd bfe5      	OUT  0x35,R30
                 ; 0000 006B MCUCSR=0x00;
0000ce bfe4      	OUT  0x34,R30
                 ; 0000 006C 
                 ; 0000 006D // Timer(s)/Counter(s) Interrupt(s) initialization
                 ; 0000 006E TIMSK=0x00;
0000cf bfe9      	OUT  0x39,R30
                 ; 0000 006F 
                 ; 0000 0070 // USART initialization
                 ; 0000 0071 // USART disabled
                 ; 0000 0072 UCSRB=0x00;
0000d0 b9ea      	OUT  0xA,R30
                 ; 0000 0073 
                 ; 0000 0074 // Analog Comparator initialization
                 ; 0000 0075 // Analog Comparator: Off
                 ; 0000 0076 // Analog Comparator Input Capture by Timer/Counter 1: Off
                 ; 0000 0077 ACSR=0x80;
0000d1 e8e0      	LDI  R30,LOW(128)
0000d2 b9e8      	OUT  0x8,R30
                 ; 0000 0078 SFIOR=0x00;
0000d3 e0e0      	LDI  R30,LOW(0)
0000d4 bfe0      	OUT  0x30,R30
                 ; 0000 0079 
                 ; 0000 007A // ADC initialization
                 ; 0000 007B // ADC disabled
                 ; 0000 007C ADCSRA=0x00;
0000d5 b9e6      	OUT  0x6,R30
                 ; 0000 007D 
                 ; 0000 007E // SPI initialization
                 ; 0000 007F // SPI disabled
                 ; 0000 0080 SPCR=0x00;
0000d6 b9ed      	OUT  0xD,R30
                 ; 0000 0081 
                 ; 0000 0082 // TWI initialization
                 ; 0000 0083 // TWI disabled
                 ; 0000 0084 TWCR=0x00;
0000d7 bfe6      	OUT  0x36,R30
                 ; 0000 0085 
                 ; 0000 0086 // Alphanumeric LCD initialization
                 ; 0000 0087 // Connections specified in the
                 ; 0000 0088 // Project|Configure|C Compiler|Libraries|Alphanumeric LCD menu:
                 ; 0000 0089 // RS - PORTB Bit 0
                 ; 0000 008A // RD - PORTB Bit 1
                 ; 0000 008B // EN - PORTB Bit 2
                 ; 0000 008C // D4 - PORTB Bit 4
                 ; 0000 008D // D5 - PORTB Bit 5
                 ; 0000 008E // D6 - PORTB Bit 6
                 ; 0000 008F // D7 - PORTB Bit 7
                 ; 0000 0090 // Characters/line: 16
                 ; 0000 0091 lcd_init(16);
0000d8 e1e0      	LDI  R30,LOW(16)
0000d9 93ea      	ST   -Y,R30
0000da d100      	RCALL _lcd_init
                 ; 0000 0092 
                 ; 0000 0093 lcd_gotoxy(5,0);
0000db d12e      	RCALL SUBOPT_0x0
                 ; 0000 0094 lcd_puts("WELCOME");
                +
0000dc e6e0     +LDI R30 , LOW ( _0x3 + ( 0 ) )
0000dd e0f1     +LDI R31 , HIGH ( _0x3 + ( 0 ) )
                 	__POINTW1MN _0x3,0
0000de d130      	RCALL SUBOPT_0x1
                 ; 0000 0095 lcd_gotoxy(6,1);
0000df d132      	RCALL SUBOPT_0x2
                 ; 0000 0096 lcd_puts("TO AVR");
                +
0000e0 e6e8     +LDI R30 , LOW ( _0x3 + ( 8 ) )
0000e1 e0f1     +LDI R31 , HIGH ( _0x3 + ( 8 ) )
                 	__POINTW1MN _0x3,8
0000e2 d12c      	RCALL SUBOPT_0x1
                 ; 0000 0097 delay_ms(200);
0000e3 d133      	RCALL SUBOPT_0x3
                 ; 0000 0098 lcd_clear();
0000e4 d0c7      	RCALL _lcd_clear
                 ; 0000 0099 lcd_gotoxy(5,0);
0000e5 d124      	RCALL SUBOPT_0x0
                 ; 0000 009A lcd_puts("STARTING");
                +
0000e6 e6ef     +LDI R30 , LOW ( _0x3 + ( 15 ) )
0000e7 e0f1     +LDI R31 , HIGH ( _0x3 + ( 15 ) )
                 	__POINTW1MN _0x3,15
0000e8 d126      	RCALL SUBOPT_0x1
                 ; 0000 009B lcd_gotoxy(6,1);
0000e9 d128      	RCALL SUBOPT_0x2
                 ; 0000 009C lcd_puts("SYSTEM");
                +
0000ea e7e8     +LDI R30 , LOW ( _0x3 + ( 24 ) )
0000eb e0f1     +LDI R31 , HIGH ( _0x3 + ( 24 ) )
                 	__POINTW1MN _0x3,24
0000ec d122      	RCALL SUBOPT_0x1
                 ; 0000 009D delay_ms(200);
0000ed d129      	RCALL SUBOPT_0x3
                 ; 0000 009E while (1)
                 _0x4:
                 ; 0000 009F       {
                 ; 0000 00A0       if (PINA.0==0) {
0000ee 99c8      	SBIC 0x19,0
0000ef c013      	RJMP _0x7
                 ; 0000 00A1       if (PINA.7==0) {
0000f0 99cf      	SBIC 0x19,7
0000f1 c006      	RJMP _0x8
                 ; 0000 00A2        PORTD.0=1;
0000f2 d12a      	RCALL SUBOPT_0x4
                 ; 0000 00A3        delay_ms(50);
                 ; 0000 00A4        lcd_clear();
                 ; 0000 00A5        lcd_gotoxy(3,1);
                 ; 0000 00A6        lcd_puts("Starting....");
                +
0000f3 e7ef     +LDI R30 , LOW ( _0x3 + ( 31 ) )
0000f4 e0f1     +LDI R31 , HIGH ( _0x3 + ( 31 ) )
                 	__POINTW1MN _0x3,31
0000f5 d119      	RCALL SUBOPT_0x1
                 ; 0000 00A7        delay_ms(100);
0000f6 d133      	RCALL SUBOPT_0x5
                 ; 0000 00A8        }
                 ; 0000 00A9       else  {
0000f7 c002      	RJMP _0xB
                 _0x8:
                 ; 0000 00AA        PORTD.0=0;
0000f8 9890      	CBI  0x12,0
                 ; 0000 00AB        lcd_clear();
0000f9 d0b2      	RCALL _lcd_clear
                 ; 0000 00AC        };
                 _0xB:
                 ; 0000 00AD       PORTD.1=1;
0000fa 9a91      	SBI  0x12,1
                 ; 0000 00AE       lcd_clear();
0000fb d134      	RCALL SUBOPT_0x6
                 ; 0000 00AF       lcd_gotoxy(8,0);
                 ; 0000 00B0       lcd_putchar('P');
0000fc e5e0      	LDI  R30,LOW(80)
0000fd d138      	RCALL SUBOPT_0x7
                 ; 0000 00B1       lcd_gotoxy(4,1);
                 ; 0000 00B2       lcd_puts("Ready !!!");
                +
0000fe e8ec     +LDI R30 , LOW ( _0x3 + ( 44 ) )
0000ff e0f1     +LDI R31 , HIGH ( _0x3 + ( 44 ) )
                 	__POINTW1MN _0x3,44
000100 d10e      	RCALL SUBOPT_0x1
                 ; 0000 00B3       delay_ms(100);
000101 d128      	RCALL SUBOPT_0x5
                 ; 0000 00B4       }
                 ; 0000 00B5       else  {
000102 c003      	RJMP _0x10
                 _0x7:
                 ; 0000 00B6       PORTD.0=0;
000103 9890      	CBI  0x12,0
                 ; 0000 00B7       PORTD.1=0;
000104 9891      	CBI  0x12,1
                 ; 0000 00B8       lcd_clear();
000105 d0a6      	RCALL _lcd_clear
                 ; 0000 00B9       };
                 _0x10:
                 ; 0000 00BA 
                 ; 0000 00BB       if (PINA.1==0) {
000106 99c9      	SBIC 0x19,1
000107 c016      	RJMP _0x15
                 ; 0000 00BC       if (PINA.7==0) {
000108 99cf      	SBIC 0x19,7
000109 c00a      	RJMP _0x16
                 ; 0000 00BD       lcd_clear();
00010a d132      	RCALL SUBOPT_0x8
                 ; 0000 00BE       lcd_gotoxy(3,0);
                 ; 0000 00BF       lcd_puts("WARNING!!!");
                +
00010b e9e6     +LDI R30 , LOW ( _0x3 + ( 54 ) )
00010c e0f1     +LDI R31 , HIGH ( _0x3 + ( 54 ) )
                 	__POINTW1MN _0x3,54
00010d d101      	RCALL SUBOPT_0x1
                 ; 0000 00C0       lcd_gotoxy(2,1);
00010e d134      	RCALL SUBOPT_0x9
                 ; 0000 00C1       lcd_puts("Not allowed");
                +
00010f eae1     +LDI R30 , LOW ( _0x3 + ( 65 ) )
000110 e0f1     +LDI R31 , HIGH ( _0x3 + ( 65 ) )
                 	__POINTW1MN _0x3,65
000111 d0fd      	RCALL SUBOPT_0x1
                 ; 0000 00C2       delay_ms(100);
000112 d117      	RCALL SUBOPT_0x5
                 ; 0000 00C3       }
                 ; 0000 00C4       else  {
000113 c001      	RJMP _0x17
                 _0x16:
                 ; 0000 00C5       lcd_clear();
000114 d097      	RCALL _lcd_clear
                 ; 0000 00C6       };
                 _0x17:
                 ; 0000 00C7       PORTD.2=1;
000115 9a92      	SBI  0x12,2
                 ; 0000 00C8       lcd_clear();
000116 d119      	RCALL SUBOPT_0x6
                 ; 0000 00C9       lcd_gotoxy(8,0);
                 ; 0000 00CA       lcd_putchar('R');
000117 e5e2      	LDI  R30,LOW(82)
000118 93ea      	ST   -Y,R30
000119 d09d      	RCALL _lcd_putchar
                 ; 0000 00CB       delay_ms(50);
00011a e3e2      	LDI  R30,LOW(50)
00011b e0f0      	LDI  R31,HIGH(50)
00011c d12b      	RCALL SUBOPT_0xA
                 ; 0000 00CC       }
                 ; 0000 00CD       else  {
00011d c002      	RJMP _0x1A
                 _0x15:
                 ; 0000 00CE       PORTD.2=0;
00011e 9892      	CBI  0x12,2
                 ; 0000 00CF       lcd_clear();
00011f d08c      	RCALL _lcd_clear
                 ; 0000 00D0       };
                 _0x1A:
                 ; 0000 00D1 
                 ; 0000 00D2       if (PINA.2==0) {
000120 99ca      	SBIC 0x19,2
000121 c013      	RJMP _0x1D
                 ; 0000 00D3        if (PINA.7==0) {
000122 99cf      	SBIC 0x19,7
000123 c006      	RJMP _0x1E
                 ; 0000 00D4       PORTD.0=1;
000124 d0f8      	RCALL SUBOPT_0x4
                 ; 0000 00D5       delay_ms(50);
                 ; 0000 00D6       lcd_clear();
                 ; 0000 00D7       lcd_gotoxy(3,1);
                 ; 0000 00D8       lcd_puts("Starting....");
                +
000125 eaed     +LDI R30 , LOW ( _0x3 + ( 77 ) )
000126 e0f1     +LDI R31 , HIGH ( _0x3 + ( 77 ) )
                 	__POINTW1MN _0x3,77
000127 d0e7      	RCALL SUBOPT_0x1
                 ; 0000 00D9       delay_ms(100);
000128 d101      	RCALL SUBOPT_0x5
                 ; 0000 00DA       }
                 ; 0000 00DB        else  {
000129 c002      	RJMP _0x21
                 _0x1E:
                 ; 0000 00DC       PORTD.0=0;
00012a 9890      	CBI  0x12,0
                 ; 0000 00DD       lcd_clear();
00012b d080      	RCALL _lcd_clear
                 ; 0000 00DE       };
                 _0x21:
                 ; 0000 00DF       PORTD.3=1;
00012c 9a93      	SBI  0x12,3
                 ; 0000 00E0       lcd_clear();
00012d d102      	RCALL SUBOPT_0x6
                 ; 0000 00E1       lcd_gotoxy(8,0);
                 ; 0000 00E2       lcd_putchar('N');
00012e e4ee      	LDI  R30,LOW(78)
00012f d106      	RCALL SUBOPT_0x7
                 ; 0000 00E3       lcd_gotoxy(4,1);
                 ; 0000 00E4       lcd_puts("Ready !!!");
                +
000130 ebea     +LDI R30 , LOW ( _0x3 + ( 90 ) )
000131 e0f1     +LDI R31 , HIGH ( _0x3 + ( 90 ) )
                 	__POINTW1MN _0x3,90
000132 d0dc      	RCALL SUBOPT_0x1
                 ; 0000 00E5       delay_ms(100);
000133 d0f6      	RCALL SUBOPT_0x5
                 ; 0000 00E6       }
                 ; 0000 00E7       else  {
000134 c003      	RJMP _0x26
                 _0x1D:
                 ; 0000 00E8       PORTD.0=0;
000135 9890      	CBI  0x12,0
                 ; 0000 00E9       PORTD.3=0;
000136 9893      	CBI  0x12,3
                 ; 0000 00EA       lcd_clear();
000137 d074      	RCALL _lcd_clear
                 ; 0000 00EB       };
                 _0x26:
                 ; 0000 00EC 
                 ; 0000 00ED       if (PINA.3==0) {
000138 99cb      	SBIC 0x19,3
000139 c016      	RJMP _0x2B
                 ; 0000 00EE       if (PINA.7==0) {
00013a 99cf      	SBIC 0x19,7
00013b c00c      	RJMP _0x2C
                 ; 0000 00EF       lcd_clear();
00013c d100      	RCALL SUBOPT_0x8
                 ; 0000 00F0       lcd_gotoxy(3,0);
                 ; 0000 00F1       lcd_puts("WARNING!!!");
                +
00013d ece4     +LDI R30 , LOW ( _0x3 + ( 100 ) )
00013e e0f1     +LDI R31 , HIGH ( _0x3 + ( 100 ) )
                 	__POINTW1MN _0x3,100
00013f d0cf      	RCALL SUBOPT_0x1
                 ; 0000 00F2       lcd_gotoxy(2,1);
000140 d102      	RCALL SUBOPT_0x9
                 ; 0000 00F3       lcd_puts("Not allowed");
                +
000141 ecef     +LDI R30 , LOW ( _0x3 + ( 111 ) )
000142 e0f1     +LDI R31 , HIGH ( _0x3 + ( 111 ) )
                 	__POINTW1MN _0x3,111
000143 d0cb      	RCALL SUBOPT_0x1
                 ; 0000 00F4       delay_ms(500);
000144 efe4      	LDI  R30,LOW(500)
000145 e0f1      	LDI  R31,HIGH(500)
000146 d101      	RCALL SUBOPT_0xA
                 ; 0000 00F5       }
                 ; 0000 00F6       else  {
000147 c001      	RJMP _0x2D
                 _0x2C:
                 ; 0000 00F7       lcd_clear();
000148 d063      	RCALL _lcd_clear
                 ; 0000 00F8       };
                 _0x2D:
                 ; 0000 00F9       PORTD.4=1;
000149 9a94      	SBI  0x12,4
                 ; 0000 00FA       lcd_clear();
00014a d0e5      	RCALL SUBOPT_0x6
                 ; 0000 00FB       lcd_gotoxy(8,0);
                 ; 0000 00FC       lcd_putchar('1');
00014b e3e1      	LDI  R30,LOW(49)
00014c 93ea      	ST   -Y,R30
00014d d069      	RCALL _lcd_putchar
                 ; 0000 00FD       delay_ms(100);
00014e d0db      	RCALL SUBOPT_0x5
                 ; 0000 00FE       }
                 ; 0000 00FF       else  {
00014f c002      	RJMP _0x30
                 _0x2B:
                 ; 0000 0100       PORTD.4=0;
000150 9894      	CBI  0x12,4
                 ; 0000 0101       lcd_clear();
000151 d05a      	RCALL _lcd_clear
                 ; 0000 0102       };
                 _0x30:
                 ; 0000 0103 
                 ; 0000 0104       if (PINA.4==0) {
000152 99cc      	SBIC 0x19,4
000153 c016      	RJMP _0x33
                 ; 0000 0105       if (PINA.7==0) {
000154 99cf      	SBIC 0x19,7
000155 c00c      	RJMP _0x34
                 ; 0000 0106       lcd_clear();
000156 d0e6      	RCALL SUBOPT_0x8
                 ; 0000 0107       lcd_gotoxy(3,0);
                 ; 0000 0108       lcd_puts("WARNING!!!");
                +
000157 edeb     +LDI R30 , LOW ( _0x3 + ( 123 ) )
000158 e0f1     +LDI R31 , HIGH ( _0x3 + ( 123 ) )
                 	__POINTW1MN _0x3,123
000159 d0b5      	RCALL SUBOPT_0x1
                 ; 0000 0109       lcd_gotoxy(2,1);
00015a d0e8      	RCALL SUBOPT_0x9
                 ; 0000 010A       lcd_puts("Not allowed");
                +
00015b eee6     +LDI R30 , LOW ( _0x3 + ( 134 ) )
00015c e0f1     +LDI R31 , HIGH ( _0x3 + ( 134 ) )
                 	__POINTW1MN _0x3,134
00015d d0b1      	RCALL SUBOPT_0x1
                 ; 0000 010B       delay_ms(500);
00015e efe4      	LDI  R30,LOW(500)
00015f e0f1      	LDI  R31,HIGH(500)
000160 d0e7      	RCALL SUBOPT_0xA
                 ; 0000 010C       }
                 ; 0000 010D       else  {
000161 c001      	RJMP _0x35
                 _0x34:
                 ; 0000 010E       lcd_clear();
000162 d049      	RCALL _lcd_clear
                 ; 0000 010F       };
                 _0x35:
                 ; 0000 0110       PORTD.5=1;
000163 9a95      	SBI  0x12,5
                 ; 0000 0111       lcd_clear();
000164 d0cb      	RCALL SUBOPT_0x6
                 ; 0000 0112       lcd_gotoxy(8,0);
                 ; 0000 0113       lcd_putchar('D');
000165 e4e4      	LDI  R30,LOW(68)
000166 93ea      	ST   -Y,R30
000167 d04f      	RCALL _lcd_putchar
                 ; 0000 0114       delay_ms(100);
000168 d0c1      	RCALL SUBOPT_0x5
                 ; 0000 0115       }
                 ; 0000 0116       else  {
000169 c002      	RJMP _0x38
                 _0x33:
                 ; 0000 0117       PORTD.5=0;
00016a 9895      	CBI  0x12,5
                 ; 0000 0118       lcd_clear();
00016b d040      	RCALL _lcd_clear
                 ; 0000 0119       };
                 _0x38:
                 ; 0000 011A       }
00016c cf81      	RJMP _0x4
                 ; 0000 011B }
                 _0x3B:
00016d cfff      	RJMP _0x3B
                 
                 	.DSEG
                 _0x3:
000160           	.BYTE 0x92
                 	#ifndef __SLEEP_DEFINED__
                 	#endif
                 
                 	.DSEG
                 
                 	.CSEG
                 __lcd_write_nibble_G100:
00016e 81e8      	LD   R30,Y
00016f 71e0      	ANDI R30,LOW(0x10)
000170 f011      	BREQ _0x2000004
000171 9ac4      	SBI  0x18,4
000172 c001      	RJMP _0x2000005
                 _0x2000004:
000173 98c4      	CBI  0x18,4
                 _0x2000005:
000174 81e8      	LD   R30,Y
000175 72e0      	ANDI R30,LOW(0x20)
000176 f011      	BREQ _0x2000006
000177 9ac5      	SBI  0x18,5
000178 c001      	RJMP _0x2000007
                 _0x2000006:
000179 98c5      	CBI  0x18,5
                 _0x2000007:
00017a 81e8      	LD   R30,Y
00017b 74e0      	ANDI R30,LOW(0x40)
00017c f011      	BREQ _0x2000008
00017d 9ac6      	SBI  0x18,6
00017e c001      	RJMP _0x2000009
                 _0x2000008:
00017f 98c6      	CBI  0x18,6
                 _0x2000009:
000180 81e8      	LD   R30,Y
000181 78e0      	ANDI R30,LOW(0x80)
000182 f011      	BREQ _0x200000A
000183 9ac7      	SBI  0x18,7
000184 c001      	RJMP _0x200000B
                 _0x200000A:
000185 98c7      	CBI  0x18,7
                 _0x200000B:
                +
000186 e085     +LDI R24 , LOW ( 5 )
                +__DELAY_USB_LOOP :
000187 958a     +DEC R24
000188 f7f1     +BRNE __DELAY_USB_LOOP
                 	__DELAY_USB 5
000189 9ac2      	SBI  0x18,2
                +
00018a e08d     +LDI R24 , LOW ( 13 )
                +__DELAY_USB_LOOP :
00018b 958a     +DEC R24
00018c f7f1     +BRNE __DELAY_USB_LOOP
                 	__DELAY_USB 13
00018d 98c2      	CBI  0x18,2
                +
00018e e08d     +LDI R24 , LOW ( 13 )
                +__DELAY_USB_LOOP :
00018f 958a     +DEC R24
000190 f7f1     +BRNE __DELAY_USB_LOOP
                 	__DELAY_USB 13
000191 c076      	RJMP _0x2020001
                 __lcd_write_data:
000192 81e8      	LD   R30,Y
000193 93ea      	ST   -Y,R30
000194 dfd9      	RCALL __lcd_write_nibble_G100
000195 81e8          ld    r30,y
000196 95e2          swap  r30
000197 83e8          st    y,r30
000198 81e8      	LD   R30,Y
000199 93ea      	ST   -Y,R30
00019a dfd3      	RCALL __lcd_write_nibble_G100
                +
00019b e885     +LDI R24 , LOW ( 133 )
                +__DELAY_USB_LOOP :
00019c 958a     +DEC R24
00019d f7f1     +BRNE __DELAY_USB_LOOP
                 	__DELAY_USB 133
00019e c069      	RJMP _0x2020001
                 _lcd_gotoxy:
00019f 81e8      	LD   R30,Y
0001a0 e0f0      	LDI  R31,0
0001a1 50ee      	SUBI R30,LOW(-__base_y_G100)
0001a2 4ffe      	SBCI R31,HIGH(-__base_y_G100)
0001a3 81e0      	LD   R30,Z
0001a4 81a9      	LDD  R26,Y+1
0001a5 0fea      	ADD  R30,R26
0001a6 93ea      	ST   -Y,R30
0001a7 dfea      	RCALL __lcd_write_data
0001a8 8059      	LDD  R5,Y+1
0001a9 8048      	LDD  R4,Y+0
0001aa 9622      	ADIW R28,2
0001ab 9508      	RET
                 _lcd_clear:
0001ac e0e2      	LDI  R30,LOW(2)
0001ad d09e      	RCALL SUBOPT_0xB
0001ae e0ec      	LDI  R30,LOW(12)
0001af 93ea      	ST   -Y,R30
0001b0 dfe1      	RCALL __lcd_write_data
0001b1 e0e1      	LDI  R30,LOW(1)
0001b2 d099      	RCALL SUBOPT_0xB
0001b3 e0e0      	LDI  R30,LOW(0)
0001b4 2e4e      	MOV  R4,R30
0001b5 2e5e      	MOV  R5,R30
0001b6 9508      	RET
                 _lcd_putchar:
0001b7 81a8      	LD   R26,Y
0001b8 30aa      	CPI  R26,LOW(0xA)
0001b9 f011      	BREQ _0x2000011
0001ba 1457      	CP   R5,R7
0001bb f048      	BRLO _0x2000010
                 _0x2000011:
0001bc e0e0      	LDI  R30,LOW(0)
0001bd 93ea      	ST   -Y,R30
0001be 9443      	INC  R4
0001bf 924a      	ST   -Y,R4
0001c0 dfde      	RCALL _lcd_gotoxy
0001c1 81a8      	LD   R26,Y
0001c2 30aa      	CPI  R26,LOW(0xA)
0001c3 f409      	BRNE _0x2000013
0001c4 c043      	RJMP _0x2020001
                 _0x2000013:
                 _0x2000010:
0001c5 9453      	INC  R5
0001c6 9ac0      	SBI  0x18,0
0001c7 81e8      	LD   R30,Y
0001c8 93ea      	ST   -Y,R30
0001c9 dfc8      	RCALL __lcd_write_data
0001ca 98c0      	CBI  0x18,0
0001cb c03c      	RJMP _0x2020001
                 _lcd_puts:
0001cc 931a      	ST   -Y,R17
                 _0x2000014:
0001cd 81a9      	LDD  R26,Y+1
0001ce 81ba      	LDD  R27,Y+1+1
0001cf 91ed      	LD   R30,X+
0001d0 83a9      	STD  Y+1,R26
0001d1 83ba      	STD  Y+1+1,R27
0001d2 2f1e      	MOV  R17,R30
0001d3 30e0      	CPI  R30,0
0001d4 f019      	BREQ _0x2000016
0001d5 931a      	ST   -Y,R17
0001d6 dfe0      	RCALL _lcd_putchar
0001d7 cff5      	RJMP _0x2000014
                 _0x2000016:
0001d8 8118      	LDD  R17,Y+0
0001d9 9623      	ADIW R28,3
0001da 9508      	RET
                 _lcd_init:
0001db 9abc      	SBI  0x17,4
0001dc 9abd      	SBI  0x17,5
0001dd 9abe      	SBI  0x17,6
0001de 9abf      	SBI  0x17,7
0001df 9aba      	SBI  0x17,2
0001e0 9ab8      	SBI  0x17,0
0001e1 9ab9      	SBI  0x17,1
0001e2 98c2      	CBI  0x18,2
0001e3 98c0      	CBI  0x18,0
0001e4 98c1      	CBI  0x18,1
0001e5 8078      	LDD  R7,Y+0
0001e6 81e8      	LD   R30,Y
0001e7 58e0      	SUBI R30,-LOW(128)
                +
0001e8 93e0 01f4+STS __base_y_G100 + ( 2 ) , R30
                 	__PUTB1MN __base_y_G100,2
0001ea 81e8      	LD   R30,Y
0001eb 54e0      	SUBI R30,-LOW(192)
                +
0001ec 93e0 01f5+STS __base_y_G100 + ( 3 ) , R30
                 	__PUTB1MN __base_y_G100,3
0001ee e1e4      	LDI  R30,LOW(20)
0001ef e0f0      	LDI  R31,HIGH(20)
0001f0 d057      	RCALL SUBOPT_0xA
0001f1 d05f      	RCALL SUBOPT_0xC
0001f2 d05e      	RCALL SUBOPT_0xC
0001f3 d05d      	RCALL SUBOPT_0xC
0001f4 e2e0      	LDI  R30,LOW(32)
0001f5 93ea      	ST   -Y,R30
0001f6 df77      	RCALL __lcd_write_nibble_G100
                +
0001f7 ec88     +LDI R24 , LOW ( 200 )
0001f8 e090     +LDI R25 , HIGH ( 200 )
                +__DELAY_USW_LOOP :
0001f9 9701     +SBIW R24 , 1
0001fa f7f1     +BRNE __DELAY_USW_LOOP
                 	__DELAY_USW 200
0001fb e2e8      	LDI  R30,LOW(40)
0001fc 93ea      	ST   -Y,R30
0001fd df94      	RCALL __lcd_write_data
0001fe e0e4      	LDI  R30,LOW(4)
0001ff 93ea      	ST   -Y,R30
000200 df91      	RCALL __lcd_write_data
000201 e8e5      	LDI  R30,LOW(133)
000202 93ea      	ST   -Y,R30
000203 df8e      	RCALL __lcd_write_data
000204 e0e6      	LDI  R30,LOW(6)
000205 93ea      	ST   -Y,R30
000206 df8b      	RCALL __lcd_write_data
000207 dfa4      	RCALL _lcd_clear
                 _0x2020001:
000208 9621      	ADIW R28,1
000209 9508      	RET
                 
                 	.DSEG
                 __base_y_G100:
0001f2           	.BYTE 0x4
                 
                 	.CSEG
                 ;OPTIMIZER ADDED SUBROUTINE, CALLED 2 TIMES, CODE SIZE REDUCTION:1 WORDS
                 SUBOPT_0x0:
00020a e0e5      	LDI  R30,LOW(5)
00020b 93ea      	ST   -Y,R30
00020c e0e0      	LDI  R30,LOW(0)
00020d 93ea      	ST   -Y,R30
00020e cf90      	RJMP _lcd_gotoxy
                 
                 ;OPTIMIZER ADDED SUBROUTINE, CALLED 14 TIMES, CODE SIZE REDUCTION:23 WORDS
                 SUBOPT_0x1:
00020f 93fa      	ST   -Y,R31
000210 93ea      	ST   -Y,R30
000211 cfba      	RJMP _lcd_puts
                 
                 ;OPTIMIZER ADDED SUBROUTINE, CALLED 2 TIMES, CODE SIZE REDUCTION:1 WORDS
                 SUBOPT_0x2:
000212 e0e6      	LDI  R30,LOW(6)
000213 93ea      	ST   -Y,R30
000214 e0e1      	LDI  R30,LOW(1)
000215 93ea      	ST   -Y,R30
000216 cf88      	RJMP _lcd_gotoxy
                 
                 ;OPTIMIZER ADDED SUBROUTINE, CALLED 2 TIMES, CODE SIZE REDUCTION:1 WORDS
                 SUBOPT_0x3:
000217 ece8      	LDI  R30,LOW(200)
000218 e0f0      	LDI  R31,HIGH(200)
000219 93fa      	ST   -Y,R31
00021a 93ea      	ST   -Y,R30
00021b 940c 0259 	JMP  _delay_ms
                 
                 ;OPTIMIZER ADDED SUBROUTINE, CALLED 2 TIMES, CODE SIZE REDUCTION:10 WORDS
                 SUBOPT_0x4:
00021d 9a90      	SBI  0x12,0
00021e e3e2      	LDI  R30,LOW(50)
00021f e0f0      	LDI  R31,HIGH(50)
000220 93fa      	ST   -Y,R31
000221 93ea      	ST   -Y,R30
000222 940e 0259 	CALL _delay_ms
000224 df87      	RCALL _lcd_clear
000225 e0e3      	LDI  R30,LOW(3)
000226 93ea      	ST   -Y,R30
000227 e0e1      	LDI  R30,LOW(1)
000228 93ea      	ST   -Y,R30
000229 cf75      	RJMP _lcd_gotoxy
                 
                 ;OPTIMIZER ADDED SUBROUTINE, CALLED 7 TIMES, CODE SIZE REDUCTION:21 WORDS
                 SUBOPT_0x5:
00022a e6e4      	LDI  R30,LOW(100)
00022b e0f0      	LDI  R31,HIGH(100)
00022c 93fa      	ST   -Y,R31
00022d 93ea      	ST   -Y,R30
00022e 940c 0259 	JMP  _delay_ms
                 
                 ;OPTIMIZER ADDED SUBROUTINE, CALLED 5 TIMES, CODE SIZE REDUCTION:21 WORDS
                 SUBOPT_0x6:
000230 df7b      	RCALL _lcd_clear
000231 e0e8      	LDI  R30,LOW(8)
000232 93ea      	ST   -Y,R30
000233 e0e0      	LDI  R30,LOW(0)
000234 93ea      	ST   -Y,R30
000235 cf69      	RJMP _lcd_gotoxy
                 
                 ;OPTIMIZER ADDED SUBROUTINE, CALLED 2 TIMES, CODE SIZE REDUCTION:4 WORDS
                 SUBOPT_0x7:
000236 93ea      	ST   -Y,R30
000237 df7f      	RCALL _lcd_putchar
000238 e0e4      	LDI  R30,LOW(4)
000239 93ea      	ST   -Y,R30
00023a e0e1      	LDI  R30,LOW(1)
00023b 93ea      	ST   -Y,R30
00023c cf62      	RJMP _lcd_gotoxy
                 
                 ;OPTIMIZER ADDED SUBROUTINE, CALLED 3 TIMES, CODE SIZE REDUCTION:9 WORDS
                 SUBOPT_0x8:
00023d df6e      	RCALL _lcd_clear
00023e e0e3      	LDI  R30,LOW(3)
00023f 93ea      	ST   -Y,R30
000240 e0e0      	LDI  R30,LOW(0)
000241 93ea      	ST   -Y,R30
000242 cf5c      	RJMP _lcd_gotoxy
                 
                 ;OPTIMIZER ADDED SUBROUTINE, CALLED 3 TIMES, CODE SIZE REDUCTION:5 WORDS
                 SUBOPT_0x9:
000243 e0e2      	LDI  R30,LOW(2)
000244 93ea      	ST   -Y,R30
000245 e0e1      	LDI  R30,LOW(1)
000246 93ea      	ST   -Y,R30
000247 cf57      	RJMP _lcd_gotoxy
                 
                 ;OPTIMIZER ADDED SUBROUTINE, CALLED 6 TIMES, CODE SIZE REDUCTION:7 WORDS
                 SUBOPT_0xA:
000248 93fa      	ST   -Y,R31
000249 93ea      	ST   -Y,R30
00024a 940c 0259 	JMP  _delay_ms
                 
                 ;OPTIMIZER ADDED SUBROUTINE, CALLED 2 TIMES, CODE SIZE REDUCTION:2 WORDS
                 SUBOPT_0xB:
00024c 93ea      	ST   -Y,R30
00024d df44      	RCALL __lcd_write_data
00024e e0e3      	LDI  R30,LOW(3)
00024f e0f0      	LDI  R31,HIGH(3)
000250 cff7      	RJMP SUBOPT_0xA
                 
                 ;OPTIMIZER ADDED SUBROUTINE, CALLED 3 TIMES, CODE SIZE REDUCTION:9 WORDS
                 SUBOPT_0xC:
000251 e3e0      	LDI  R30,LOW(48)
000252 93ea      	ST   -Y,R30
000253 df1a      	RCALL __lcd_write_nibble_G100
                +
000254 ec88     +LDI R24 , LOW ( 200 )
000255 e090     +LDI R25 , HIGH ( 200 )
                +__DELAY_USW_LOOP :
000256 9701     +SBIW R24 , 1
000257 f7f1     +BRNE __DELAY_USW_LOOP
                 	__DELAY_USW 200
000258 9508      	RET
                 
                 
                 	.CSEG
                 _delay_ms:
000259 91e9      	ld   r30,y+
00025a 91f9      	ld   r31,y+
00025b 9630      	adiw r30,0
00025c f039      	breq __delay_ms1
                 __delay_ms0:
                +
00025d ed80     +LDI R24 , LOW ( 0x7D0 )
00025e e097     +LDI R25 , HIGH ( 0x7D0 )
                +__DELAY_USW_LOOP :
00025f 9701     +SBIW R24 , 1
000260 f7f1     +BRNE __DELAY_USW_LOOP
                 	__DELAY_USW 0x7D0
000261 95a8      	wdr
000262 9731      	sbiw r30,1
000263 f7c9      	brne __delay_ms0
                 __delay_ms1:
000264 9508      	ret
                 
                 ;END OF CODE MARKER
                 __END_OF_CODE:


RESOURCE USE INFORMATION
------------------------

Notice:
The register and instruction counts are symbol table hit counts,
and hence implicitly used resources are not counted, eg, the
'lpm' instruction without operands implicitly uses r0 and z,
none of which are counted.

x,y,z are separate entities in the symbol table and are
counted separately from r26..r31 here.

.dseg memory usage only counts static data declared with .byte

ATmega16 register use summary:
r0 :   4 r1 :   1 r2 :   0 r3 :   0 r4 :   4 r5 :   4 r6 :   0 r7 :   2 
r8 :   0 r9 :   0 r10:   0 r11:   0 r12:   0 r13:   0 r14:   0 r15:   0 
r16:   0 r17:   4 r18:   0 r19:   0 r20:   0 r21:   0 r22:   2 r23:   0 
r24:  21 r25:   5 r26:  11 r27:   4 r28:   4 r29:   1 r30: 177 r31:  35 
x  :   4 y  :  70 z  :   8 
Registers used: 18 out of 35 (51.4%)

ATmega16 instruction use summary:
.lds  :   0 .lds.l:   0 .sts  :   0 .sts.l:   0 adc   :   0 add   :   1 
adiw  :   4 and   :   0 andi  :   4 asr   :   0 bclr  :   0 bld   :   0 
brbc  :   0 brbs  :   0 brcc  :   0 brcs  :   0 break :   0 breq  :   8 
brge  :   0 brhc  :   0 brhs  :   0 brid  :   0 brie  :   0 brlo  :   1 
brlt  :   0 brmi  :   0 brne  :  12 brpl  :   0 brsh  :   0 brtc  :   0 
brts  :   0 brvc  :   0 brvs  :   0 bset  :   0 bst   :   0 call  :   1 
cbi   :  18 cbr   :   0 clc   :   0 clh   :   0 cli   :   1 cln   :   0 
clr   :   2 cls   :   0 clt   :   0 clv   :   0 clz   :   0 com   :   0 
cp    :   1 cpc   :   0 cpi   :   3 cpse  :   0 dec   :   5 des   :   0 
eor   :   0 fmul  :   0 fmuls :   0 fmulsu:   0 icall :   0 ijmp  :   0 
in    :   0 inc   :   2 jmp   :  25 ld    :  17 ldd   :   7 ldi   : 105 
lds   :   0 lpm   :   7 lsl   :   0 lsr   :   0 mov   :   3 movw  :   3 
mul   :   0 muls  :   0 mulsu :   0 neg   :   0 nop   :   0 or    :   0 
ori   :   0 out   :  42 pop   :   0 push  :   0 rcall :  85 ret   :   6 
reti  :   0 rjmp  :  41 rol   :   0 ror   :   0 sbc   :   0 sbci  :   1 
sbi   :  19 sbic  :  10 sbis  :   0 sbiw  :   7 sbr   :   0 sbrc  :   0 
sbrs  :   0 sec   :   0 seh   :   0 sei   :   0 sen   :   0 ser   :   0 
ses   :   0 set   :   0 sev   :   0 sez   :   0 sleep :   0 spm   :   0 
st    :  49 std   :   2 sts   :   2 sub   :   0 subi  :   3 swap  :   1 
tst   :   0 wdr   :   1 
Instructions used: 35 out of 116 (30.2%)

ATmega16 memory use summary [bytes]:
Segment   Begin    End      Code   Data   Used    Size   Use%
---------------------------------------------------------------
[.cseg] 0x000000 0x0004ca   1054    172   1226   16384   7.5%
[.dseg] 0x000060 0x0001f6      0    150    150    1119  13.4%
[.eseg] 0x000000 0x000000      0      0      0     512   0.0%

Assembly complete, 0 errors, 4 warnings
